<?xml version="1.0" encoding="UTF-8"?>
<testsuites>
  <testsuite name="fastlane.lanes">
    
    
    
      
      <testcase classname="fastlane.lanes" name="0: default_platform" time="0.0013492">
        
      </testcase>
    
      
      <testcase classname="fastlane.lanes" name="1: flutter clean" time="7.2848649">
        
      </testcase>
    
      
      <testcase classname="fastlane.lanes" name="2: flutter build apk --release --no-tree-shake-icons" time="155.827514">
        
          <failure message="C:/Ruby34-x64/lib/ruby/gems/3.4.0/gems/fastlane-2.228.0/fastlane/lib/fastlane/actions/actions_helper.rb:67:in &apos;Fastlane::Actions.execute_action&apos;&#10;C:/Ruby34-x64/lib/ruby/gems/3.4.0/gems/fastlane-2.228.0/fastlane/lib/fastlane/fast_file.rb:224:in &apos;Fastlane::FastFile.sh&apos;&#10;C:/Ruby34-x64/lib/ruby/gems/3.4.0/gems/fastlane-2.228.0/fastlane/lib/fastlane/fast_file.rb:216:in &apos;Fastlane::FastFile#sh&apos;&#10;Fastfile:7:in &apos;block (2 levels) in Fastlane::FastFile#parsing_binding&apos;&#10;C:/Ruby34-x64/lib/ruby/gems/3.4.0/gems/fastlane-2.228.0/fastlane/lib/fastlane/lane.rb:41:in &apos;Fastlane::Lane#call&apos;&#10;C:/Ruby34-x64/lib/ruby/gems/3.4.0/gems/fastlane-2.228.0/fastlane/lib/fastlane/runner.rb:49:in &apos;block in Fastlane::Runner#execute&apos;&#10;C:/Ruby34-x64/lib/ruby/gems/3.4.0/gems/fastlane-2.228.0/fastlane/lib/fastlane/runner.rb:45:in &apos;Dir.chdir&apos;&#10;C:/Ruby34-x64/lib/ruby/gems/3.4.0/gems/fastlane-2.228.0/fastlane/lib/fastlane/runner.rb:45:in &apos;Fastlane::Runner#execute&apos;&#10;C:/Ruby34-x64/lib/ruby/gems/3.4.0/gems/fastlane-2.228.0/fastlane/lib/fastlane/lane_manager.rb:46:in &apos;Fastlane::LaneManager.cruise_lane&apos;&#10;C:/Ruby34-x64/lib/ruby/gems/3.4.0/gems/fastlane-2.228.0/fastlane/lib/fastlane/command_line_handler.rb:34:in &apos;Fastlane::CommandLineHandler.handle&apos;&#10;C:/Ruby34-x64/lib/ruby/gems/3.4.0/gems/fastlane-2.228.0/fastlane/lib/fastlane/commands_generator.rb:110:in &apos;block (2 levels) in Fastlane::CommandsGenerator#run&apos;&#10;C:/Ruby34-x64/lib/ruby/gems/3.4.0/gems/commander-4.6.0/lib/commander/command.rb:187:in &apos;Commander::Command#call&apos;&#10;C:/Ruby34-x64/lib/ruby/gems/3.4.0/gems/commander-4.6.0/lib/commander/command.rb:157:in &apos;Commander::Command#run&apos;&#10;C:/Ruby34-x64/lib/ruby/gems/3.4.0/gems/commander-4.6.0/lib/commander/runner.rb:444:in &apos;Commander::Runner#run_active_command&apos;&#10;C:/Ruby34-x64/lib/ruby/gems/3.4.0/gems/fastlane-2.228.0/fastlane_core/lib/fastlane_core/ui/fastlane_runner.rb:124:in &apos;Commander::Runner#run!&apos;&#10;C:/Ruby34-x64/lib/ruby/gems/3.4.0/gems/commander-4.6.0/lib/commander/delegates.rb:18:in &apos;Commander::Delegates#run!&apos;&#10;C:/Ruby34-x64/lib/ruby/gems/3.4.0/gems/fastlane-2.228.0/fastlane/lib/fastlane/commands_generator.rb:363:in &apos;Fastlane::CommandsGenerator#run&apos;&#10;C:/Ruby34-x64/lib/ruby/gems/3.4.0/gems/fastlane-2.228.0/fastlane/lib/fastlane/commands_generator.rb:43:in &apos;Fastlane::CommandsGenerator.start&apos;&#10;C:/Ruby34-x64/lib/ruby/gems/3.4.0/gems/fastlane-2.228.0/fastlane/lib/fastlane/cli_tools_distributor.rb:123:in &apos;Fastlane::CLIToolsDistributor.take_off&apos;&#10;C:/Ruby34-x64/lib/ruby/gems/3.4.0/gems/fastlane-2.228.0/bin/fastlane:23:in &apos;&lt;top (required)&gt;&apos;&#10;C:/Ruby34-x64/bin/fastlane:36:in &apos;Kernel#load&apos;&#10;C:/Ruby34-x64/bin/fastlane:36:in &apos;&lt;main&gt;&apos;&#10;&#10;Exit status of command &apos;flutter build apk --release --no-tree-shake-icons&apos; was 1 instead of 0.&#10;Changing current working directory to: E:\Advanced_Projects\aqar&#10;Resolving dependencies...&#10;Downloading packages...&#10;  _fe_analyzer_shared 85.0.0 (88.0.0 available)&#10;  analyzer 7.5.2 (8.1.1 available)&#10;  app_links 6.4.0 (6.4.1 available)&#10;  async 2.11.0 (2.13.0 available)&#10;  boolean_selector 2.1.1 (2.1.2 available)&#10;  build 2.4.2 (3.0.1 available)&#10;  build_resolvers 2.4.4 (3.0.1 available)&#10;  build_runner 2.4.15 (2.6.1 available)&#10;  build_runner_core 8.0.0 (9.2.1 available)&#10;  built_value 8.10.1 (8.11.1 available)&#10;  characters 1.3.0 (1.4.1 available)&#10;  checked_yaml 2.0.3 (2.0.4 available)&#10;  clock 1.1.1 (1.1.2 available)&#10;  collection 1.19.0 (1.19.1 available)&#10;  dart_style 3.0.1 (3.1.2 available)&#10;  fake_async 1.3.1 (1.3.3 available)&#10;  ffi 2.1.3 (2.1.4 available)&#10;  flutter_gen_core 5.10.0 (5.11.0 available)&#10;  flutter_gen_runner 5.10.0 (5.11.0 available)&#10;  flutter_lints 5.0.0 (6.0.0 available)&#10;  flutter_secure_storage_linux 1.2.3 (2.0.1 available)&#10;  flutter_secure_storage_macos 3.1.3 (4.0.0 available)&#10;  flutter_secure_storage_platform_interface 1.1.2 (2.0.1 available)&#10;  flutter_secure_storage_web 1.2.1 (2.0.0 available)&#10;  flutter_secure_storage_windows 3.1.2 (4.0.0 available)&#10;  flutter_spinkit 5.2.1 (5.2.2 available)&#10;  freezed 2.5.8 (3.2.0 available)&#10;  freezed_annotation 2.4.4 (3.1.0 available)&#10;  geocoding 3.0.0 (4.0.0 available)&#10;  geocoding_android 3.3.1 (4.0.1 available)&#10;  geolocator 11.1.0 (14.0.2 available)&#10;  geolocator_android 4.6.2 (5.0.2 available)&#10;  geolocator_web 3.0.0 (4.1.3 available)&#10;  get_it 7.7.0 (8.2.0 available)&#10;  http 1.4.0 (1.5.0 available)&#10;  image_size_getter 2.4.0 (2.4.1 available)&#10;  js 0.6.7 (0.7.2 available)&#10;  json_serializable 6.9.5 (6.10.0 available)&#10;  leak_tracker 10.0.7 (11.0.1 available)&#10;  leak_tracker_flutter_testing 3.0.8 (3.0.10 available)&#10;  leak_tracker_testing 3.0.1 (3.0.2 available)&#10;  lints 5.1.1 (6.0.0 available)&#10;  logger 2.6.0 (2.6.1 available)&#10;  matcher 0.12.16+1 (0.12.17 available)&#10;  material_color_utilities 0.11.1 (0.13.0 available)&#10;  meta 1.15.0 (1.17.0 available)&#10;  path 1.9.0 (1.9.1 available)&#10;  petitparser 6.0.2 (7.0.0 available)&#10;  shared_preferences_android 2.4.10 (2.4.11 available)&#10;  source_gen 2.0.0 (3.1.0 available)&#10;  source_helper 1.3.6 (1.3.7 available)&#10;  source_span 1.10.0 (1.10.1 available)&#10;  sqflite 2.4.1 (2.4.2 available)&#10;  sqflite_android 2.4.0 (2.4.1 available)&#10;  sqflite_common 2.5.4+6 (2.5.6 available)&#10;  sqflite_darwin 2.4.1+1 (2.4.2 available)&#10;  stack_trace 1.12.0 (1.12.1 available)&#10;  stream_channel 2.1.2 (2.1.4 available)&#10;  string_scanner 1.3.0 (1.4.1 available)&#10;  synchronized 3.3.0+3 (3.4.0 available)&#10;  term_glyph 1.2.1 (1.2.2 available)&#10;  test_api 0.7.3 (0.7.7 available)&#10;  url_launcher 6.3.1 (6.3.2 available)&#10;  url_launcher_android 6.3.16 (6.3.17 available)&#10;  vector_math 2.1.4 (2.2.0 available)&#10;  vm_service 14.3.0 (15.0.2 available)&#10;  win32 5.10.1 (5.14.0 available)&#10;  xml 6.5.0 (6.6.0 available)&#10;Got dependencies!&#10;68 packages have newer versions incompatible with dependency constraints.&#10;Try `flutter pub outdated` for more information.&#10;&#10;Running Gradle task &apos;assembleRelease&apos;...                        &#10;warning: [options] source value 8 is obsolete and will be removed in a future release&#10;warning: [options] target value 8 is obsolete and will be removed in a future release&#10;warning: [options] To suppress warnings about obsolete options, use -Xlint:-options.&#10;3 warnings&#10;warning: [options] source value 8 is obsolete and will be removed in a future release&#10;warning: [options] target value 8 is obsolete and will be removed in a future release&#10;warning: [options] To suppress warnings about obsolete options, use -Xlint:-options.&#10;3 warnings&#10;warning: [options] source value 8 is obsolete and will be removed in a future release&#10;warning: [options] target value 8 is obsolete and will be removed in a future release&#10;warning: [options] To suppress warnings about obsolete options, use -Xlint:-options.&#10;3 warnings&#10;warning: [options] source value 8 is obsolete and will be removed in a future release&#10;warning: [options] target value 8 is obsolete and will be removed in a future release&#10;warning: [options] To suppress warnings about obsolete options, use -Xlint:-options.&#10;3 warnings&#10;&#10;FAILURE: Build failed with an exception.&#10;&#10;* What went wrong:&#10;Execution failed for task &apos;:flutter_plugin_android_lifecycle:generateReleaseLintModel&apos;.&#10;&gt; Could not resolve all files for configuration &apos;:flutter_plugin_android_lifecycle:releaseUnitTestRuntimeClasspath&apos;.&#10;   &gt; Failed to transform byte-buddy-1.17.5.jar (net.bytebuddy:byte-buddy:1.17.5) to match attributes {artifactType=processed-jar, org.gradle.category=library, org.gradle.libraryelements=jar, org.gradle.status=release, org.gradle.usage=java-runtime}.&#10;      &gt; Execution failed for JetifyTransform: C:\Users\karim\.gradle\caches\modules-2\files-2.1\net.bytebuddy\byte-buddy\1.17.5\88450f120903b7e72470462cdbd2b75a3842223c\byte-buddy-1.17.5.jar.&#10;         &gt; Failed to transform &apos;C:\Users\karim\.gradle\caches\modules-2\files-2.1\net.bytebuddy\byte-buddy\1.17.5\88450f120903b7e72470462cdbd2b75a3842223c\byte-buddy-1.17.5.jar&apos; using Jetifier. Reason: IllegalArgumentException, message: Unsupported class file major version 68. (Run with --stacktrace for more details.)&#10;           Suggestions:&#10;            - Check out existing issues at https://issuetracker.google.com/issues?q=componentid:460323&amp;s=modified_time:desc, it&apos;s possible that this issue has already been filed there.&#10;            - If this issue has not been filed, please report it at https://issuetracker.google.com/issues/new?component=460323 (run with --stacktrace and provide a stack trace if possible).&#10;&#10;* Try:&#10;&gt; Run with --stacktrace option to get the stack trace.&#10;&gt; Run with --info or --debug option to get more log output.&#10;&gt; Run with --scan to get full insights.&#10;&gt; Get more help at https://help.gradle.org.&#10;&#10;BUILD FAILED in 2m 17s&#10;Running Gradle task &apos;assembleRelease&apos;...                          138.9s&#10;&#10;┌─ Flutter Fix ────────────────────────────────────────────────────────────────────────────────────┐&#10;│ [!] Your project&apos;s Gradle version is incompatible with the Java version that Flutter is using    │&#10;│ for Gradle.                                                                                      │&#10;│                                                                                                  │&#10;│ If you recently upgraded Android Studio, consult the migration guide at                          │&#10;│ https://flutter.dev/to/java-gradle-incompatibility.                                              │&#10;│                                                                                                  │&#10;│ Otherwise, to fix this issue, first, check the Java version used by Flutter by running `flutter  │&#10;│ doctor --verbose`.                                                                               │&#10;│                                                                                                  │&#10;│ Then, update the Gradle version specified in                                                     │&#10;│ E:\Advanced_Projects\aqar\android\gradle\wrapper\gradle-wrapper.properties to be compatible with │&#10;│ that Java version. See the link below for more information on compatible Java/Gradle versions:   │&#10;│ https://docs.gradle.org/current/userguide/compatibility.html#java                                │&#10;│                                                                                                  │&#10;│                                                                                                  │&#10;└──────────────────────────────────────────────────────────────────────────────────────────────────┘&#10;Gradle task assembleRelease failed with exit code 1&#10;" />
        
      </testcase>
    
  </testsuite>
</testsuites>
